  [1m[35m (0.1ms)[0m  [1m[34mSELECT pg_try_advisory_lock(7410115512844159290)[0m
  [1m[35m (0.6ms)[0m  [1m[34mSELECT "schema_migrations"."version" FROM "schema_migrations" ORDER BY "schema_migrations"."version" ASC[0m
  [1m[36mActiveRecord::InternalMetadata Load (0.3ms)[0m  [1m[34mSELECT  "ar_internal_metadata".* FROM "ar_internal_metadata" WHERE "ar_internal_metadata"."key" = $1 LIMIT $2[0m  [["key", "environment"], ["LIMIT", 1]]
  [1m[35m (0.1ms)[0m  [1m[35mBEGIN[0m
  [1m[35m (0.1ms)[0m  [1m[35mCOMMIT[0m
  [1m[35m (0.1ms)[0m  [1m[34mSELECT pg_advisory_unlock(7410115512844159290)[0m
  [1m[35m (0.2ms)[0m  [1m[34mSELECT "schema_migrations"."version" FROM "schema_migrations" ORDER BY "schema_migrations"."version" ASC[0m
Started GET "/" for 127.0.0.1 at 2019-04-01 19:59:36 -0300
  [1m[35m (0.6ms)[0m  [1m[34mSELECT "schema_migrations"."version" FROM "schema_migrations" ORDER BY "schema_migrations"."version" ASC[0m
Processing by PostsController#index as HTML
  Rendering posts/index.html.erb within layouts/application
  [1m[36mPost Load (0.5ms)[0m  [1m[34mSELECT "posts".* FROM "posts"[0m
  Rendered posts/index.html.erb within layouts/application (6.1ms)
Completed 200 OK in 1215ms (Views: 1197.3ms | ActiveRecord: 3.3ms)


Started GET "/posts/new" for 127.0.0.1 at 2019-04-01 19:59:41 -0300
Processing by PostsController#new as HTML
  Rendering posts/new.html.erb within layouts/application
  Rendered posts/_form.html.erb (25.0ms)
  Rendered posts/new.html.erb within layouts/application (29.5ms)
Completed 200 OK in 121ms (Views: 86.1ms | ActiveRecord: 9.1ms)


Started POST "/posts" for 127.0.0.1 at 2019-04-01 19:59:45 -0300
Processing by PostsController#create as HTML
  Parameters: {"utf8"=>"✓", "authenticity_token"=>"LEU5Q6PNkymRuQBwSkCLRqtuIkeu0TtMwPutA208zCBP05yVwep/Al3qG8E2gkCGf7hkLj8C3uU+LEY2+q4Byg==", "post"=>{"title"=>"", "content"=>""}, "commit"=>"Confirmar"}
  [1m[35m (4.2ms)[0m  [1m[35mBEGIN[0m
  [1m[35m (0.6ms)[0m  [1m[31mROLLBACK[0m
  Rendering posts/new.html.erb within layouts/application
  Rendered posts/_form.html.erb (5.8ms)
  Rendered posts/new.html.erb within layouts/application (8.4ms)
Completed 200 OK in 131ms (Views: 48.9ms | ActiveRecord: 4.7ms)


Started GET "/users/sign_in" for 127.0.0.1 at 2019-04-01 19:59:48 -0300
  
SyntaxError (/home/eduardo/.rvm/gems/ruby-2.5.3/bundler/gems/devise-71fc5b351a8e/app/controllers/devise/sessions_controller.rb:5: syntax error, unexpected '{', expecting keyword_end
...ion only: [:create, :destroy] { request.env["devise.skip_tim...
...                              ^
/home/eduardo/.rvm/gems/ruby-2.5.3/bundler/gems/devise-71fc5b351a8e/app/controllers/devise/sessions_controller.rb:5: syntax error, unexpected '}', expecting keyword_end
..."devise.skip_timeout"] = true }
...                              ^):
  
app/controllers/users/sessions_controller.rb:1:in `<top (required)>'
Started GET "/users/sign_in" for 127.0.0.1 at 2019-04-01 19:59:54 -0300
  
SyntaxError (/home/eduardo/.rvm/gems/ruby-2.5.3/bundler/gems/devise-71fc5b351a8e/app/controllers/devise/sessions_controller.rb:5: syntax error, unexpected '{', expecting keyword_end
...ion only: [:create, :destroy] { request.env["devise.skip_tim...
...                              ^
/home/eduardo/.rvm/gems/ruby-2.5.3/bundler/gems/devise-71fc5b351a8e/app/controllers/devise/sessions_controller.rb:5: syntax error, unexpected '}', expecting keyword_end
..."devise.skip_timeout"] = true }
...                              ^):
  
app/controllers/users/sessions_controller.rb:1:in `<top (required)>'
Started GET "/users/sign_up" for 127.0.0.1 at 2019-04-01 19:59:59 -0300
Processing by Users::RegistrationsController#new as HTML
  Rendering devise/registrations/new.html.erb within layouts/application
  Rendered devise/registrations/new.html.erb within layouts/application (6.1ms)
Completed 200 OK in 97ms (Views: 44.0ms | ActiveRecord: 11.9ms)


Started POST "/users" for 127.0.0.1 at 2019-04-01 20:00:16 -0300
Processing by Users::RegistrationsController#create as HTML
  Parameters: {"utf8"=>"✓", "authenticity_token"=>"cPUZUarb2dO17XW5FDoevmDHAG3WkA1+LOVBiOexyBOGT9nx4Z//1STfkz8tKOJjsOm9H2739/evbM3GugcavA==", "user"=>{"name"=>"Eduardo", "email"=>"eduardo.straub1@gmail.com", "password"=>"[FILTERED]", "password_confirmation"=>"[FILTERED]"}, "commit"=>"Registrarse"}
  [1m[35m (0.2ms)[0m  [1m[35mBEGIN[0m
  [1m[36mUser Exists (0.6ms)[0m  [1m[34mSELECT  1 AS one FROM "users" WHERE "users"."email" = $1 LIMIT $2[0m  [["email", "eduardo.straub1@gmail.com"], ["LIMIT", 1]]
  [1m[35mSQL (0.6ms)[0m  [1m[32mINSERT INTO "users" ("email", "encrypted_password", "created_at", "updated_at", "name") VALUES ($1, $2, $3, $4, $5) RETURNING "id"[0m  [["email", "eduardo.straub1@gmail.com"], ["encrypted_password", "$2a$11$Opa.Fu1qmPkwkMwygyokOu0r7IMeuesGnNjsfaYI7dLNZedo7hnWC"], ["created_at", "2019-04-01 23:00:17.053423"], ["updated_at", "2019-04-01 23:00:17.053423"], ["name", "Eduardo"]]
  [1m[35m (1.7ms)[0m  [1m[35mCOMMIT[0m
  [1m[35m (0.1ms)[0m  [1m[35mBEGIN[0m
  [1m[35mSQL (0.4ms)[0m  [1m[33mUPDATE "users" SET "sign_in_count" = $1, "current_sign_in_at" = $2, "last_sign_in_at" = $3, "current_sign_in_ip" = $4, "last_sign_in_ip" = $5, "updated_at" = $6 WHERE "users"."id" = $7[0m  [["sign_in_count", 1], ["current_sign_in_at", "2019-04-01 23:00:17.058598"], ["last_sign_in_at", "2019-04-01 23:00:17.058598"], ["current_sign_in_ip", "127.0.0.1/32"], ["last_sign_in_ip", "127.0.0.1/32"], ["updated_at", "2019-04-01 23:00:17.059206"], ["id", 1]]
  [1m[35m (0.6ms)[0m  [1m[35mCOMMIT[0m
Redirected to http://localhost:3000/
Completed 302 Found in 207ms (ActiveRecord: 4.3ms)


Started GET "/" for 127.0.0.1 at 2019-04-01 20:00:17 -0300
Processing by PostsController#index as HTML
  Rendering posts/index.html.erb within layouts/application
  [1m[36mPost Load (0.2ms)[0m  [1m[34mSELECT "posts".* FROM "posts"[0m
  Rendered posts/index.html.erb within layouts/application (2.8ms)
  [1m[36mUser Load (0.5ms)[0m  [1m[34mSELECT  "users".* FROM "users" WHERE "users"."id" = $1 ORDER BY "users"."id" ASC LIMIT $2[0m  [["id", 1], ["LIMIT", 1]]
Completed 200 OK in 48ms (Views: 44.4ms | ActiveRecord: 0.7ms)


Started GET "/posts/new" for 127.0.0.1 at 2019-04-01 20:00:24 -0300
Processing by PostsController#new as HTML
  Rendering posts/new.html.erb within layouts/application
  Rendered posts/_form.html.erb (4.9ms)
  Rendered posts/new.html.erb within layouts/application (8.1ms)
  [1m[36mUser Load (0.4ms)[0m  [1m[34mSELECT  "users".* FROM "users" WHERE "users"."id" = $1 ORDER BY "users"."id" ASC LIMIT $2[0m  [["id", 1], ["LIMIT", 1]]
Completed 200 OK in 71ms (Views: 58.7ms | ActiveRecord: 0.4ms)


Started POST "/posts" for 127.0.0.1 at 2019-04-01 20:00:45 -0300
Processing by PostsController#create as HTML
  Parameters: {"utf8"=>"✓", "authenticity_token"=>"4f4jv0/k4r5KMwHTLAEHSrp0jVrzNzrnCEzmxEagnUiCaIZpLcMOlYZgGmJQw8yKbqLLM2Lk3072mw3x0TJQog==", "post"=>{"title"=>"Hola", "content"=>"Hola ¿cómo estas?"}, "commit"=>"Confirmar"}
  [1m[36mUser Load (1.5ms)[0m  [1m[34mSELECT  "users".* FROM "users" WHERE "users"."id" = $1 ORDER BY "users"."id" ASC LIMIT $2[0m  [["id", 1], ["LIMIT", 1]]
  [1m[35m (0.5ms)[0m  [1m[35mBEGIN[0m
  [1m[35mSQL (3.1ms)[0m  [1m[32mINSERT INTO "posts" ("title", "content", "user_id", "created_at", "updated_at") VALUES ($1, $2, $3, $4, $5) RETURNING "id"[0m  [["title", "Hola"], ["content", "Hola ¿cómo estas?"], ["user_id", 1], ["created_at", "2019-04-01 23:00:45.596372"], ["updated_at", "2019-04-01 23:00:45.596372"]]
  [1m[35m (1.7ms)[0m  [1m[35mCOMMIT[0m
Redirected to http://localhost:3000/posts/1
Completed 302 Found in 35ms (ActiveRecord: 6.7ms)


Started GET "/posts/1" for 127.0.0.1 at 2019-04-01 20:00:45 -0300
Processing by PostsController#show as HTML
  Parameters: {"id"=>"1"}
  [1m[36mPost Load (1.1ms)[0m  [1m[34mSELECT  "posts".* FROM "posts" WHERE "posts"."id" = $1 LIMIT $2[0m  [["id", 1], ["LIMIT", 1]]
  Rendering posts/show.html.erb within layouts/application
  [1m[36mUser Load (0.5ms)[0m  [1m[34mSELECT  "users".* FROM "users" WHERE "users"."id" = $1 LIMIT $2[0m  [["id", 1], ["LIMIT", 1]]
  [1m[36mComment Load (0.6ms)[0m  [1m[34mSELECT "comments".* FROM "comments"[0m
  Rendered posts/show.html.erb within layouts/application (27.6ms)
  [1m[36mUser Load (1.4ms)[0m  [1m[34mSELECT  "users".* FROM "users" WHERE "users"."id" = $1 ORDER BY "users"."id" ASC LIMIT $2[0m  [["id", 1], ["LIMIT", 1]]
Completed 200 OK in 81ms (Views: 49.3ms | ActiveRecord: 9.4ms)


Started DELETE "/users/sign_out" for 127.0.0.1 at 2019-04-01 20:03:35 -0300
  
SyntaxError (/home/eduardo/.rvm/gems/ruby-2.5.3/bundler/gems/devise-71fc5b351a8e/app/controllers/devise/sessions_controller.rb:5: syntax error, unexpected '{', expecting keyword_end
...ion only: [:create, :destroy] { request.env["devise.skip_tim...
...                              ^
/home/eduardo/.rvm/gems/ruby-2.5.3/bundler/gems/devise-71fc5b351a8e/app/controllers/devise/sessions_controller.rb:5: syntax error, unexpected '}', expecting keyword_end
..."devise.skip_timeout"] = true }
...                              ^):
  
app/controllers/users/sessions_controller.rb:1:in `<top (required)>'
Started GET "/" for 127.0.0.1 at 2019-04-01 20:04:13 -0300
Processing by PostsController#index as HTML
  Rendering posts/index.html.erb within layouts/application
  [1m[36mPost Load (0.3ms)[0m  [1m[34mSELECT "posts".* FROM "posts"[0m
  [1m[36mUser Load (0.4ms)[0m  [1m[34mSELECT  "users".* FROM "users" WHERE "users"."id" = $1 LIMIT $2[0m  [["id", 1], ["LIMIT", 1]]
  [1m[35m (0.4ms)[0m  [1m[34mSELECT COUNT(*) FROM "comments" WHERE "comments"."post_id" = $1[0m  [["post_id", 1]]
  Rendered posts/index.html.erb within layouts/application (11.7ms)
  [1m[36mUser Load (0.5ms)[0m  [1m[34mSELECT  "users".* FROM "users" WHERE "users"."id" = $1 ORDER BY "users"."id" ASC LIMIT $2[0m  [["id", 1], ["LIMIT", 1]]
Completed 200 OK in 48ms (Views: 45.3ms | ActiveRecord: 1.6ms)


Started DELETE "/posts/1" for 127.0.0.1 at 2019-04-01 20:04:19 -0300
Processing by PostsController#destroy as HTML
  Parameters: {"authenticity_token"=>"zTbmcip6/CRQeltsWA7jKN+jMqq3b3YyqsgpFjF0Tn1ol+Oy9ZWKEt54ErCPAzpGxFVC+L+JGTivjJBGPGB0Mg==", "id"=>"1"}
  [1m[36mPost Load (0.6ms)[0m  [1m[34mSELECT  "posts".* FROM "posts" WHERE "posts"."id" = $1 LIMIT $2[0m  [["id", 1], ["LIMIT", 1]]
  [1m[35m (0.3ms)[0m  [1m[35mBEGIN[0m
  [1m[35mSQL (1.8ms)[0m  [1m[31mDELETE FROM "posts" WHERE "posts"."id" = $1[0m  [["id", 1]]
  [1m[35m (1.8ms)[0m  [1m[35mCOMMIT[0m
Redirected to http://localhost:3000/posts
Completed 302 Found in 15ms (ActiveRecord: 4.5ms)


Started GET "/posts" for 127.0.0.1 at 2019-04-01 20:04:19 -0300
Processing by PostsController#index as HTML
  Rendering posts/index.html.erb within layouts/application
  [1m[36mPost Load (0.4ms)[0m  [1m[34mSELECT "posts".* FROM "posts"[0m
  Rendered posts/index.html.erb within layouts/application (3.5ms)
  [1m[36mUser Load (0.6ms)[0m  [1m[34mSELECT  "users".* FROM "users" WHERE "users"."id" = $1 ORDER BY "users"."id" ASC LIMIT $2[0m  [["id", 1], ["LIMIT", 1]]
Completed 200 OK in 37ms (Views: 34.6ms | ActiveRecord: 1.1ms)


Started GET "/posts" for 127.0.0.1 at 2019-04-01 20:04:22 -0300
Processing by PostsController#index as HTML
  Rendering posts/index.html.erb within layouts/application
  [1m[36mPost Load (0.7ms)[0m  [1m[34mSELECT "posts".* FROM "posts"[0m
  Rendered posts/index.html.erb within layouts/application (5.8ms)
  [1m[36mUser Load (2.8ms)[0m  [1m[34mSELECT  "users".* FROM "users" WHERE "users"."id" = $1 ORDER BY "users"."id" ASC LIMIT $2[0m  [["id", 1], ["LIMIT", 1]]
Completed 200 OK in 81ms (Views: 75.0ms | ActiveRecord: 3.5ms)


Started GET "/" for 127.0.0.1 at 2019-04-01 20:04:26 -0300
Processing by PostsController#index as HTML
  Rendering posts/index.html.erb within layouts/application
  [1m[36mPost Load (1.0ms)[0m  [1m[34mSELECT "posts".* FROM "posts"[0m
  Rendered posts/index.html.erb within layouts/application (14.5ms)
  [1m[36mUser Load (1.3ms)[0m  [1m[34mSELECT  "users".* FROM "users" WHERE "users"."id" = $1 ORDER BY "users"."id" ASC LIMIT $2[0m  [["id", 1], ["LIMIT", 1]]
Completed 200 OK in 91ms (Views: 84.2ms | ActiveRecord: 2.2ms)


Started DELETE "/users/sign_out" for 127.0.0.1 at 2019-04-01 20:04:34 -0300
  
SyntaxError (/home/eduardo/.rvm/gems/ruby-2.5.3/bundler/gems/devise-71fc5b351a8e/app/controllers/devise/sessions_controller.rb:5: syntax error, unexpected '{', expecting keyword_end
...ion only: [:create, :destroy] { request.env["devise.skip_tim...
...                              ^
/home/eduardo/.rvm/gems/ruby-2.5.3/bundler/gems/devise-71fc5b351a8e/app/controllers/devise/sessions_controller.rb:5: syntax error, unexpected '}', expecting keyword_end
..."devise.skip_timeout"] = true }
...                              ^):
  
app/controllers/users/sessions_controller.rb:1:in `<top (required)>'
Started DELETE "/users/sign_out" for 127.0.0.1 at 2019-04-01 20:12:45 -0300
  
SyntaxError (/home/eduardo/.rvm/gems/ruby-2.5.3/bundler/gems/devise-71fc5b351a8e/app/controllers/devise/sessions_controller.rb:5: syntax error, unexpected '{', expecting keyword_end
...ion only: [:create, :destroy] { request.env["devise.skip_tim...
...                              ^
/home/eduardo/.rvm/gems/ruby-2.5.3/bundler/gems/devise-71fc5b351a8e/app/controllers/devise/sessions_controller.rb:5: syntax error, unexpected '}', expecting keyword_end
..."devise.skip_timeout"] = true }
...                              ^):
  
app/controllers/users/sessions_controller.rb:1:in `<top (required)>'
Started GET "/" for 127.0.0.1 at 2019-04-01 20:12:52 -0300
Processing by PostsController#index as HTML
  Rendering posts/index.html.erb within layouts/application
  [1m[36mPost Load (1.0ms)[0m  [1m[34mSELECT "posts".* FROM "posts"[0m
  Rendered posts/index.html.erb within layouts/application (18.6ms)
  [1m[36mUser Load (0.4ms)[0m  [1m[34mSELECT  "users".* FROM "users" WHERE "users"."id" = $1 ORDER BY "users"."id" ASC LIMIT $2[0m  [["id", 1], ["LIMIT", 1]]
Completed 200 OK in 113ms (Views: 80.7ms | ActiveRecord: 13.4ms)


Started GET "/" for 127.0.0.1 at 2019-04-01 20:12:53 -0300
Processing by PostsController#index as HTML
  Rendering posts/index.html.erb within layouts/application
  [1m[36mPost Load (0.9ms)[0m  [1m[34mSELECT "posts".* FROM "posts"[0m
  Rendered posts/index.html.erb within layouts/application (9.5ms)
  [1m[36mUser Load (0.7ms)[0m  [1m[34mSELECT  "users".* FROM "users" WHERE "users"."id" = $1 ORDER BY "users"."id" ASC LIMIT $2[0m  [["id", 1], ["LIMIT", 1]]
Completed 200 OK in 87ms (Views: 81.4ms | ActiveRecord: 1.6ms)


Started GET "/" for 127.0.0.1 at 2019-04-01 20:12:54 -0300
Processing by PostsController#index as HTML
  Rendering posts/index.html.erb within layouts/application
  [1m[36mPost Load (0.4ms)[0m  [1m[34mSELECT "posts".* FROM "posts"[0m
  Rendered posts/index.html.erb within layouts/application (3.0ms)
  [1m[36mUser Load (1.1ms)[0m  [1m[34mSELECT  "users".* FROM "users" WHERE "users"."id" = $1 ORDER BY "users"."id" ASC LIMIT $2[0m  [["id", 1], ["LIMIT", 1]]
Completed 200 OK in 32ms (Views: 28.7ms | ActiveRecord: 1.5ms)


Started GET "/" for 127.0.0.1 at 2019-04-01 20:12:54 -0300
Processing by PostsController#index as HTML
  Rendering posts/index.html.erb within layouts/application
  [1m[36mPost Load (0.5ms)[0m  [1m[34mSELECT "posts".* FROM "posts"[0m
  Rendered posts/index.html.erb within layouts/application (3.5ms)
  [1m[36mUser Load (0.5ms)[0m  [1m[34mSELECT  "users".* FROM "users" WHERE "users"."id" = $1 ORDER BY "users"."id" ASC LIMIT $2[0m  [["id", 1], ["LIMIT", 1]]
Completed 200 OK in 42ms (Views: 38.8ms | ActiveRecord: 1.0ms)


Started GET "/" for 127.0.0.1 at 2019-04-01 20:12:54 -0300
Processing by PostsController#index as HTML
  Rendering posts/index.html.erb within layouts/application
  [1m[36mPost Load (0.2ms)[0m  [1m[34mSELECT "posts".* FROM "posts"[0m
  Rendered posts/index.html.erb within layouts/application (2.0ms)
  [1m[36mUser Load (0.5ms)[0m  [1m[34mSELECT  "users".* FROM "users" WHERE "users"."id" = $1 ORDER BY "users"."id" ASC LIMIT $2[0m  [["id", 1], ["LIMIT", 1]]
Completed 200 OK in 24ms (Views: 21.3ms | ActiveRecord: 0.7ms)


Started DELETE "/users/sign_out" for 127.0.0.1 at 2019-04-01 20:12:56 -0300
  
SyntaxError (/home/eduardo/.rvm/gems/ruby-2.5.3/bundler/gems/devise-71fc5b351a8e/app/controllers/devise/sessions_controller.rb:5: syntax error, unexpected '{', expecting keyword_end
...ion only: [:create, :destroy] { request.env["devise.skip_tim...
...                              ^
/home/eduardo/.rvm/gems/ruby-2.5.3/bundler/gems/devise-71fc5b351a8e/app/controllers/devise/sessions_controller.rb:5: syntax error, unexpected '}', expecting keyword_end
..."devise.skip_timeout"] = true }
...                              ^):
  
app/controllers/users/sessions_controller.rb:1:in `<top (required)>'
Started DELETE "/users/sign_out" for ::1 at 2019-04-01 20:19:02 -0300
  [1m[35m (0.9ms)[0m  [1m[34mSELECT "schema_migrations"."version" FROM "schema_migrations" ORDER BY "schema_migrations"."version" ASC[0m
Processing by Users::SessionsController#destroy as HTML
  Parameters: {"authenticity_token"=>"/2Gzo8LHF/ZxMfYZJMpKLIJNVoxMMjlGvmmVc7ORIBNawLZjHShhwP8zv8Xzx5NCmbsm3kTUVky7LSwjvoUaXA=="}
  [1m[36mUser Load (0.9ms)[0m  [1m[34mSELECT  "users".* FROM "users" WHERE "users"."id" = $1 ORDER BY "users"."id" ASC LIMIT $2[0m  [["id", 1], ["LIMIT", 1]]
  [1m[35m (0.3ms)[0m  [1m[35mBEGIN[0m
  [1m[35m (1.9ms)[0m  [1m[35mCOMMIT[0m
Redirected to http://localhost:3000/
Completed 302 Found in 43ms (ActiveRecord: 7.8ms)


Started GET "/" for ::1 at 2019-04-01 20:19:02 -0300
Processing by PostsController#index as HTML
  Rendering posts/index.html.erb within layouts/application
  [1m[36mPost Load (0.6ms)[0m  [1m[34mSELECT "posts".* FROM "posts"[0m
  Rendered posts/index.html.erb within layouts/application (7.9ms)
Completed 200 OK in 279ms (Views: 269.9ms | ActiveRecord: 2.3ms)


Started GET "/users/sign_in" for ::1 at 2019-04-01 20:19:04 -0300
Processing by Users::SessionsController#new as HTML
  Rendering devise/sessions/new.html.erb within layouts/application
  Rendered devise/sessions/new.html.erb within layouts/application (52.9ms)
Completed 200 OK in 111ms (Views: 105.9ms | ActiveRecord: 0.0ms)


Started POST "/users/sign_in" for ::1 at 2019-04-01 20:19:15 -0300
Processing by Users::SessionsController#create as HTML
  Parameters: {"utf8"=>"✓", "authenticity_token"=>"mX/4nW+lv/48Xj/j7+3ePWe/uFU4Q3ivtbYIr6+0wt6HzQgkWPpaVKxd7zrEDjYtYaC2n83V9tTWtIWGC1nRng==", "user"=>{"email"=>"eduardo.straub1@gmail.com", "password"=>"[FILTERED]", "remember_me"=>"0"}, "commit"=>"Iniciar sesión"}
  [1m[36mUser Load (1.6ms)[0m  [1m[34mSELECT  "users".* FROM "users" WHERE "users"."email" = $1 ORDER BY "users"."id" ASC LIMIT $2[0m  [["email", "eduardo.straub1@gmail.com"], ["LIMIT", 1]]
  [1m[35m (0.3ms)[0m  [1m[35mBEGIN[0m
  [1m[35mSQL (0.4ms)[0m  [1m[33mUPDATE "users" SET "current_sign_in_at" = $1, "current_sign_in_ip" = $2, "sign_in_count" = $3, "updated_at" = $4 WHERE "users"."id" = $5[0m  [["current_sign_in_at", "2019-04-01 23:19:15.317462"], ["current_sign_in_ip", "::1/128"], ["sign_in_count", 2], ["updated_at", "2019-04-01 23:19:15.318337"], ["id", 1]]
  [1m[35m (0.7ms)[0m  [1m[35mCOMMIT[0m
Redirected to http://localhost:3000/
Completed 302 Found in 217ms (ActiveRecord: 3.0ms)


Started GET "/" for ::1 at 2019-04-01 20:19:15 -0300
Processing by PostsController#index as HTML
  Rendering posts/index.html.erb within layouts/application
  [1m[36mPost Load (0.2ms)[0m  [1m[34mSELECT "posts".* FROM "posts"[0m
  Rendered posts/index.html.erb within layouts/application (1.5ms)
  [1m[36mUser Load (0.6ms)[0m  [1m[34mSELECT  "users".* FROM "users" WHERE "users"."id" = $1 ORDER BY "users"."id" ASC LIMIT $2[0m  [["id", 1], ["LIMIT", 1]]
Completed 200 OK in 28ms (Views: 25.8ms | ActiveRecord: 0.8ms)


Started DELETE "/users/sign_out" for ::1 at 2019-04-01 20:19:17 -0300
Processing by Users::SessionsController#destroy as HTML
  Parameters: {"authenticity_token"=>"zk7PZN8We5Go/kyWL5r63Cvr0MK0GMjo8NgoIA9uWLWATU0OTVko73z7xSyd3istBjlyvw7WknpFBI717o6FNg=="}
  [1m[36mUser Load (1.5ms)[0m  [1m[34mSELECT  "users".* FROM "users" WHERE "users"."id" = $1 ORDER BY "users"."id" ASC LIMIT $2[0m  [["id", 1], ["LIMIT", 1]]
  [1m[35m (0.5ms)[0m  [1m[35mBEGIN[0m
  [1m[35m (0.5ms)[0m  [1m[35mCOMMIT[0m
Redirected to http://localhost:3000/
Completed 302 Found in 19ms (ActiveRecord: 2.5ms)


Started GET "/" for ::1 at 2019-04-01 20:19:17 -0300
Processing by PostsController#index as HTML
  Rendering posts/index.html.erb within layouts/application
  [1m[36mPost Load (0.8ms)[0m  [1m[34mSELECT "posts".* FROM "posts"[0m
  Rendered posts/index.html.erb within layouts/application (7.1ms)
Completed 200 OK in 71ms (Views: 64.7ms | ActiveRecord: 0.8ms)


Started GET "/users/sign_up" for ::1 at 2019-04-01 20:19:46 -0300
Processing by Users::RegistrationsController#new as HTML
  Rendering devise/registrations/new.html.erb within layouts/application
DEPRECATION WARNING: [Devise] `DeviseHelper.devise_error_messages!`
is deprecated and it will be removed in the next major version.
To customize the errors styles please run `rails g devise:views` and modify the
`devise/shared/error_messages` partial.
 (called from _app_views_devise_registrations_new_html_erb___2654556101471764245_70066855827860 at /home/eduardo/Documentos/G-17/E20CP1A1/E20-blog/app/views/devise/registrations/new.html.erb:1)
  Rendered devise/registrations/new.html.erb within layouts/application (7.9ms)
Completed 200 OK in 65ms (Views: 61.2ms | ActiveRecord: 0.0ms)


Started POST "/users" for ::1 at 2019-04-01 20:20:11 -0300
Processing by Users::RegistrationsController#create as HTML
  Parameters: {"utf8"=>"✓", "authenticity_token"=>"ojhLodXIK9Lm7YgMdpWSc1h7y3VEpQhg4XpKV/lKEAwiqjtKoMIqZoanaP3iKBVN/SSbgJzhale5VJBhcxw7+g==", "user"=>{"name"=>"Pedro", "email"=>"peje.straub@gmail.com", "password"=>"[FILTERED]", "password_confirmation"=>"[FILTERED]"}, "commit"=>"Registrarse"}
  [1m[35m (0.2ms)[0m  [1m[35mBEGIN[0m
  [1m[36mUser Exists (0.3ms)[0m  [1m[34mSELECT  1 AS one FROM "users" WHERE "users"."email" = $1 LIMIT $2[0m  [["email", "peje.straub@gmail.com"], ["LIMIT", 1]]
  [1m[35mSQL (0.5ms)[0m  [1m[32mINSERT INTO "users" ("email", "encrypted_password", "created_at", "updated_at", "name") VALUES ($1, $2, $3, $4, $5) RETURNING "id"[0m  [["email", "peje.straub@gmail.com"], ["encrypted_password", "$2a$11$hxDuzVwvatujAAsVid8pa.ziGzRVuTREg/lT0Rz6zSydwmPZ1n/by"], ["created_at", "2019-04-01 23:20:11.940971"], ["updated_at", "2019-04-01 23:20:11.940971"], ["name", "Pedro"]]
  [1m[35m (1.7ms)[0m  [1m[35mCOMMIT[0m
  [1m[35m (0.4ms)[0m  [1m[35mBEGIN[0m
  [1m[35mSQL (0.4ms)[0m  [1m[33mUPDATE "users" SET "sign_in_count" = $1, "current_sign_in_at" = $2, "last_sign_in_at" = $3, "current_sign_in_ip" = $4, "last_sign_in_ip" = $5, "updated_at" = $6 WHERE "users"."id" = $7[0m  [["sign_in_count", 1], ["current_sign_in_at", "2019-04-01 23:20:11.947238"], ["last_sign_in_at", "2019-04-01 23:20:11.947238"], ["current_sign_in_ip", "::1/128"], ["last_sign_in_ip", "::1/128"], ["updated_at", "2019-04-01 23:20:11.949599"], ["id", 2]]
  [1m[35m (0.7ms)[0m  [1m[35mCOMMIT[0m
Redirected to http://localhost:3000/
Completed 302 Found in 187ms (ActiveRecord: 4.3ms)


Started GET "/" for ::1 at 2019-04-01 20:20:11 -0300
Processing by PostsController#index as HTML
  Rendering posts/index.html.erb within layouts/application
  [1m[36mPost Load (0.2ms)[0m  [1m[34mSELECT "posts".* FROM "posts"[0m
  Rendered posts/index.html.erb within layouts/application (2.8ms)
  [1m[36mUser Load (0.5ms)[0m  [1m[34mSELECT  "users".* FROM "users" WHERE "users"."id" = $1 ORDER BY "users"."id" ASC LIMIT $2[0m  [["id", 2], ["LIMIT", 1]]
Completed 200 OK in 26ms (Views: 23.6ms | ActiveRecord: 0.7ms)


Started DELETE "/users/sign_out" for ::1 at 2019-04-01 20:20:14 -0300
Processing by Users::SessionsController#destroy as HTML
  Parameters: {"authenticity_token"=>"3HKl0FJohxMghMqIyHDRRZhpJBQR1HDlgugZFV/dg0F6Ox2FgGdVKEVsHt51smvZnx7O7lWgzpxCY983UTIr8A=="}
  [1m[36mUser Load (1.2ms)[0m  [1m[34mSELECT  "users".* FROM "users" WHERE "users"."id" = $1 ORDER BY "users"."id" ASC LIMIT $2[0m  [["id", 2], ["LIMIT", 1]]
  [1m[35m (0.6ms)[0m  [1m[35mBEGIN[0m
  [1m[35m (0.7ms)[0m  [1m[35mCOMMIT[0m
Redirected to http://localhost:3000/
Completed 302 Found in 18ms (ActiveRecord: 2.5ms)


Started GET "/" for ::1 at 2019-04-01 20:20:14 -0300
Processing by PostsController#index as HTML
  Rendering posts/index.html.erb within layouts/application
  [1m[36mPost Load (0.8ms)[0m  [1m[34mSELECT "posts".* FROM "posts"[0m
  Rendered posts/index.html.erb within layouts/application (6.4ms)
Completed 200 OK in 74ms (Views: 67.4ms | ActiveRecord: 0.8ms)


Started GET "/posts/new" for ::1 at 2019-04-01 20:20:18 -0300
Processing by PostsController#new as HTML
  Rendering posts/new.html.erb within layouts/application
  Rendered posts/_form.html.erb (8.3ms)
  Rendered posts/new.html.erb within layouts/application (12.6ms)
Completed 200 OK in 102ms (Views: 58.4ms | ActiveRecord: 9.9ms)


Started POST "/posts" for ::1 at 2019-04-01 20:20:23 -0300
Processing by PostsController#create as HTML
  Parameters: {"utf8"=>"✓", "authenticity_token"=>"yy4gC6B0sy/485kTmYj9ZC3P+OkCrHrdMqr3UmyRgAvt9H0UMi0Cfbuhieb/2ciiLQsWi1gic4Q4h71PaHKXxg==", "post"=>{"title"=>"fs", "content"=>"fas"}, "commit"=>"Confirmar"}
  [1m[35m (0.2ms)[0m  [1m[35mBEGIN[0m
  [1m[35m (0.3ms)[0m  [1m[31mROLLBACK[0m
  Rendering posts/new.html.erb within layouts/application
  Rendered posts/_form.html.erb (6.8ms)
  Rendered posts/new.html.erb within layouts/application (9.2ms)
Completed 200 OK in 85ms (Views: 59.9ms | ActiveRecord: 0.5ms)


Started GET "/posts" for ::1 at 2019-04-01 20:20:24 -0300
Processing by PostsController#index as HTML
  Rendering posts/index.html.erb within layouts/application
  [1m[36mPost Load (0.6ms)[0m  [1m[34mSELECT "posts".* FROM "posts"[0m
  Rendered posts/index.html.erb within layouts/application (4.3ms)
Completed 200 OK in 42ms (Views: 38.6ms | ActiveRecord: 0.6ms)


Started GET "/users/sign_in" for ::1 at 2019-04-01 20:20:51 -0300
Processing by Users::SessionsController#new as HTML
  Rendering devise/sessions/new.html.erb within layouts/application
  Rendered devise/sessions/new.html.erb within layouts/application (29.5ms)
Completed 200 OK in 108ms (Views: 104.6ms | ActiveRecord: 0.0ms)


Started POST "/users/sign_in" for ::1 at 2019-04-01 20:20:57 -0300
Processing by Users::SessionsController#create as HTML
  Parameters: {"utf8"=>"✓", "authenticity_token"=>"h9CCDIoRNmFrCB7wa4cJTpHXjB3RzE9gq89PBe81kg/qUIkhjbY2Eh1X0JcuP9zcndpmVwT/GtCPd9/BcAqoEA==", "user"=>{"email"=>"eduardo.straub1@gmail.com", "password"=>"[FILTERED]", "remember_me"=>"0"}, "commit"=>"Iniciar sesión"}
  [1m[36mUser Load (0.6ms)[0m  [1m[34mSELECT  "users".* FROM "users" WHERE "users"."email" = $1 ORDER BY "users"."id" ASC LIMIT $2[0m  [["email", "eduardo.straub1@gmail.com"], ["LIMIT", 1]]
  [1m[35m (0.3ms)[0m  [1m[35mBEGIN[0m
  [1m[35mSQL (0.5ms)[0m  [1m[33mUPDATE "users" SET "current_sign_in_at" = $1, "last_sign_in_at" = $2, "last_sign_in_ip" = $3, "sign_in_count" = $4, "updated_at" = $5 WHERE "users"."id" = $6[0m  [["current_sign_in_at", "2019-04-01 23:20:57.609191"], ["last_sign_in_at", "2019-04-01 23:19:15.317462"], ["last_sign_in_ip", "::1/128"], ["sign_in_count", 3], ["updated_at", "2019-04-01 23:20:57.610746"], ["id", 1]]
  [1m[35m (1.1ms)[0m  [1m[35mCOMMIT[0m
Redirected to http://localhost:3000/
Completed 302 Found in 157ms (ActiveRecord: 2.6ms)


Started GET "/" for ::1 at 2019-04-01 20:20:57 -0300
Processing by PostsController#index as HTML
  Rendering posts/index.html.erb within layouts/application
  [1m[36mPost Load (0.2ms)[0m  [1m[34mSELECT "posts".* FROM "posts"[0m
  Rendered posts/index.html.erb within layouts/application (2.1ms)
  [1m[36mUser Load (0.6ms)[0m  [1m[34mSELECT  "users".* FROM "users" WHERE "users"."id" = $1 ORDER BY "users"."id" ASC LIMIT $2[0m  [["id", 1], ["LIMIT", 1]]
Completed 200 OK in 25ms (Views: 22.7ms | ActiveRecord: 0.8ms)


  [1m[36mUser Load (0.3ms)[0m  [1m[34mSELECT  "users".* FROM "users" ORDER BY "users"."id" DESC LIMIT $1[0m  [["LIMIT", 1]]
  [1m[35m (0.6ms)[0m  [1m[34mSELECT pg_try_advisory_lock(7410115512844159290)[0m
  [1m[35m (0.5ms)[0m  [1m[34mSELECT "schema_migrations"."version" FROM "schema_migrations" ORDER BY "schema_migrations"."version" ASC[0m
Migrating to AddRoletoUsers (20190401232717)
  [1m[35m (0.1ms)[0m  [1m[35mBEGIN[0m
  [1m[35mSQL (0.3ms)[0m  [1m[32mINSERT INTO "schema_migrations" ("version") VALUES ($1) RETURNING "version"[0m  [["version", "20190401232717"]]
  [1m[35m (1.2ms)[0m  [1m[35mCOMMIT[0m
  [1m[36mActiveRecord::InternalMetadata Load (0.2ms)[0m  [1m[34mSELECT  "ar_internal_metadata".* FROM "ar_internal_metadata" WHERE "ar_internal_metadata"."key" = $1 LIMIT $2[0m  [["key", "environment"], ["LIMIT", 1]]
  [1m[35m (0.1ms)[0m  [1m[35mBEGIN[0m
  [1m[35m (0.1ms)[0m  [1m[35mCOMMIT[0m
  [1m[35m (0.2ms)[0m  [1m[34mSELECT pg_advisory_unlock(7410115512844159290)[0m
  [1m[35m (0.2ms)[0m  [1m[34mSELECT "schema_migrations"."version" FROM "schema_migrations" ORDER BY "schema_migrations"."version" ASC[0m
  [1m[35m (0.1ms)[0m  [1m[34mSELECT pg_try_advisory_lock(7410115512844159290)[0m
  [1m[35m (0.4ms)[0m  [1m[34mSELECT "schema_migrations"."version" FROM "schema_migrations" ORDER BY "schema_migrations"."version" ASC[0m
Migrating to AddRoleToUsers (20190401233346)
  [1m[35m (0.1ms)[0m  [1m[35mBEGIN[0m
  [1m[35m (0.5ms)[0m  [1m[35mALTER TABLE "users" ADD "role" integer[0m
  [1m[35mSQL (0.2ms)[0m  [1m[32mINSERT INTO "schema_migrations" ("version") VALUES ($1) RETURNING "version"[0m  [["version", "20190401233346"]]
  [1m[35m (1.2ms)[0m  [1m[35mCOMMIT[0m
  [1m[36mActiveRecord::InternalMetadata Load (0.3ms)[0m  [1m[34mSELECT  "ar_internal_metadata".* FROM "ar_internal_metadata" WHERE "ar_internal_metadata"."key" = $1 LIMIT $2[0m  [["key", "environment"], ["LIMIT", 1]]
  [1m[35m (0.1ms)[0m  [1m[35mBEGIN[0m
  [1m[35m (1.5ms)[0m  [1m[35mCOMMIT[0m
  [1m[35m (0.3ms)[0m  [1m[34mSELECT pg_advisory_unlock(7410115512844159290)[0m
  [1m[35m (0.4ms)[0m  [1m[34mSELECT "schema_migrations"."version" FROM "schema_migrations" ORDER BY "schema_migrations"."version" ASC[0m
  [1m[36mUser Load (1.2ms)[0m  [1m[34mSELECT  "users".* FROM "users" WHERE "users"."id" = $1 LIMIT $2[0m  [["id", 1], ["LIMIT", 1]]
  [1m[36mUser Load (0.5ms)[0m  [1m[34mSELECT  "users".* FROM "users" WHERE "users"."id" = $1 LIMIT $2[0m  [["id", 1], ["LIMIT", 1]]
  [1m[36mUser Load (1.2ms)[0m  [1m[34mSELECT  "users".* FROM "users" ORDER BY "users"."id" ASC LIMIT $1[0m  [["LIMIT", 1]]
  [1m[36mUser Load (1.3ms)[0m  [1m[34mSELECT  "users".* FROM "users" ORDER BY "users"."id" DESC LIMIT $1[0m  [["LIMIT", 1]]
  [1m[35m (0.5ms)[0m  [1m[35mBEGIN[0m
  [1m[35mSQL (1.7ms)[0m  [1m[33mUPDATE "users" SET "updated_at" = $1, "role" = $2 WHERE "users"."id" = $3[0m  [["updated_at", "2019-04-02 00:19:20.819490"], ["role", 0], ["id", 1]]
  [1m[35m (2.5ms)[0m  [1m[35mCOMMIT[0m
  [1m[35m (0.5ms)[0m  [1m[35mBEGIN[0m
  [1m[35mSQL (0.4ms)[0m  [1m[33mUPDATE "users" SET "updated_at" = $1, "role" = $2 WHERE "users"."id" = $3[0m  [["updated_at", "2019-04-02 00:19:59.917149"], ["role", 1], ["id", 2]]
  [1m[35m (1.8ms)[0m  [1m[35mCOMMIT[0m
